#
# There is insufficient memory for the Java Runtime Environment to continue.
# Native memory allocation (malloc) failed to allocate 853216 bytes. Error detail: Chunk::new
# Possible reasons:
#   The system is out of physical RAM or swap space
#   This process is running with CompressedOops enabled, and the Java Heap may be blocking the growth of the native heap
# Possible solutions:
#   Reduce memory load on the system
#   Increase physical memory or swap space
#   Check if swap backing store is full
#   Decrease Java heap size (-Xmx/-Xms)
#   Decrease number of Java threads
#   Decrease Java thread stack sizes (-Xss)
#   Set larger code cache with -XX:ReservedCodeCacheSize=
#   JVM is running with Unscaled Compressed Oops mode in which the Java heap is
#     placed in the first 4GB address space. The Java Heap base address is the
#     maximum limit for the native heap growth. Please use -XX:HeapBaseMinAddress
#     to set the Java Heap base and to place the Java Heap above 4GB virtual address.
# This output file may be truncated or incomplete.
#
#  Out of Memory Error (arena.cpp:149), pid=17368, tid=33000
#
# JRE version: Java(TM) SE Runtime Environment (23.0.2+7) (build 23.0.2+7-58)
# Java VM: Java HotSpot(TM) 64-Bit Server VM (23.0.2+7-58, mixed mode, sharing, tiered, compressed oops, compressed class ptrs, g1 gc, windows-amd64)
# No core dump will be written. Minidumps are not enabled by default on client versions of Windows
#

---------------  S U M M A R Y ------------

Command Line: -Dfile.encoding=UTF-8 -Dstdout.encoding=UTF-8 -Dstderr.encoding=UTF-8 -XX:+ShowCodeDetailsInExceptionMessages com.madhura.jobtracker.JobtrackerApplication

Host: 11th Gen Intel(R) Core(TM) i3-1115G4 @ 3.00GHz, 4 cores, 7G,  Windows 11 , 64 bit Build 22621 (10.0.22621.5415)
Time: Sun Jun 29 11:51:31 2025 India Standard Time elapsed time: 0.939444 seconds (0d 0h 0m 0s)

---------------  T H R E A D  ---------------

Current thread (0x0000025f23274d60):  JavaThread "C2 CompilerThread1" daemon [_thread_in_native, id=33000, stack(0x000000630e500000,0x000000630e600000) (1024K)]


Current CompileTask:
C2:939 2209       4       java.lang.invoke.MethodType::makeImpl (109 bytes)

Stack: [0x000000630e500000,0x000000630e600000]
Native frames: (J=compiled Java code, j=interpreted, Vv=VM code, C=native code)
V  [jvm.dll+0x6e0b99]  (no source info available)
V  [jvm.dll+0x87e2b3]  (no source info available)
V  [jvm.dll+0x88073e]  (no source info available)
V  [jvm.dll+0x880e13]  (no source info available)
V  [jvm.dll+0x27b006]  (no source info available)
V  [jvm.dll+0xbc06f]  (no source info available)
V  [jvm.dll+0xbc2cb]  (no source info available)
V  [jvm.dll+0x2eea6d]  (no source info available)
V  [jvm.dll+0x606669]  (no source info available)
V  [jvm.dll+0x24def2]  (no source info available)
V  [jvm.dll+0x2468f7]  (no source info available)
V  [jvm.dll+0x243e04]  (no source info available)
V  [jvm.dll+0x1c34b0]  (no source info available)
V  [jvm.dll+0x253df1]  (no source info available)
V  [jvm.dll+0x2520aa]  (no source info available)
V  [jvm.dll+0x3ee226]  (no source info available)
V  [jvm.dll+0x8254cb]  (no source info available)
V  [jvm.dll+0x6df345]  (no source info available)
C  [ucrtbase.dll+0x29333]  (no source info available)
C  [KERNEL32.DLL+0x1259d]  (no source info available)
C  [ntdll.dll+0x5af78]  (no source info available)

Lock stack of current Java thread (top to bottom):


---------------  P R O C E S S  ---------------

Threads class SMR info:
_java_thread_list=0x0000025f23e49bc0, length=15, elements={
0x0000025ec1d1b300, 0x0000025edbc638c0, 0x0000025edbc64880, 0x0000025edbc67670,
0x0000025edbc681c0, 0x0000025edbc712a0, 0x0000025edbc71fa0, 0x0000025edbc75370,
0x0000025edbc78560, 0x0000025f23145250, 0x0000025f2314bc50, 0x0000025f23274d60,
0x0000025f23bc50c0, 0x0000025f23e13d10, 0x0000025f24287dc0
}

Java Threads: ( => current thread )
  0x0000025ec1d1b300 JavaThread "main"                              [_thread_blocked, id=812, stack(0x000000630d300000,0x000000630d400000) (1024K)]
  0x0000025edbc638c0 JavaThread "Reference Handler"          daemon [_thread_blocked, id=37664, stack(0x000000630db00000,0x000000630dc00000) (1024K)]
  0x0000025edbc64880 JavaThread "Finalizer"                  daemon [_thread_blocked, id=20232, stack(0x000000630dc00000,0x000000630dd00000) (1024K)]
  0x0000025edbc67670 JavaThread "Signal Dispatcher"          daemon [_thread_blocked, id=35600, stack(0x000000630dd00000,0x000000630de00000) (1024K)]
  0x0000025edbc681c0 JavaThread "Attach Listener"            daemon [_thread_blocked, id=9428, stack(0x000000630de00000,0x000000630df00000) (1024K)]
  0x0000025edbc712a0 JavaThread "Service Thread"             daemon [_thread_blocked, id=13204, stack(0x000000630df00000,0x000000630e000000) (1024K)]
  0x0000025edbc71fa0 JavaThread "Monitor Deflation Thread"   daemon [_thread_blocked, id=6864, stack(0x000000630e000000,0x000000630e100000) (1024K)]
  0x0000025edbc75370 JavaThread "C2 CompilerThread0"         daemon [_thread_blocked, id=30496, stack(0x000000630e100000,0x000000630e200000) (1024K)]
  0x0000025edbc78560 JavaThread "C1 CompilerThread0"         daemon [_thread_blocked, id=35320, stack(0x000000630e200000,0x000000630e300000) (1024K)]
  0x0000025f23145250 JavaThread "Notification Thread"        daemon [_thread_blocked, id=17788, stack(0x000000630e300000,0x000000630e400000) (1024K)]
  0x0000025f2314bc50 JavaThread "Common-Cleaner"             daemon [_thread_blocked, id=8188, stack(0x000000630e400000,0x000000630e500000) (1024K)]
=>0x0000025f23274d60 JavaThread "C2 CompilerThread1"         daemon [_thread_in_native, id=33000, stack(0x000000630e500000,0x000000630e600000) (1024K)]
  0x0000025f23bc50c0 JavaThread "Thread-0"                          [_thread_blocked, id=21272, stack(0x000000630e900000,0x000000630ea00000) (1024K)]
  0x0000025f23e13d10 JavaThread "restartedMain"                     [_thread_in_vm, id=32328, stack(0x000000630ea00000,0x000000630eb00000) (1024K)]
  0x0000025f24287dc0 JavaThread "background-preinit"                [_thread_in_vm, id=2852, stack(0x000000630eb00000,0x000000630ec00000) (1024K)]
Total: 15

Other Threads:
  0x0000025edbc48be0 VMThread "VM Thread"                           [id=17348, stack(0x000000630da00000,0x000000630db00000) (1024K)]
  0x0000025edbc38360 WatcherThread "VM Periodic Task Thread"        [id=672, stack(0x000000630d900000,0x000000630da00000) (1024K)]
  0x0000025ec1d6c670 WorkerThread "GC Thread#0"                     [id=19404, stack(0x000000630d400000,0x000000630d500000) (1024K)]
  0x0000025f23b3fa70 WorkerThread "GC Thread#1"                     [id=22056, stack(0x000000630e600000,0x000000630e700000) (1024K)]
  0x0000025f23b79420 WorkerThread "GC Thread#2"                     [id=13968, stack(0x000000630e700000,0x000000630e800000) (1024K)]
  0x0000025f23b797d0 WorkerThread "GC Thread#3"                     [id=26640, stack(0x000000630e800000,0x000000630e900000) (1024K)]
  0x0000025edbaa0500 ConcurrentGCThread "G1 Main Marker"            [id=31444, stack(0x000000630d500000,0x000000630d600000) (1024K)]
  0x0000025edbaa1010 WorkerThread "G1 Conc#0"                       [id=14992, stack(0x000000630d600000,0x000000630d700000) (1024K)]
  0x0000025edbb0d170 ConcurrentGCThread "G1 Refine#0"               [id=20416, stack(0x000000630d700000,0x000000630d800000) (1024K)]
  0x0000025edbb0db00 ConcurrentGCThread "G1 Service"                [id=15580, stack(0x000000630d800000,0x000000630d900000) (1024K)]
Total: 10

Threads with active compile tasks:
C2 CompilerThread1  1062 2209       4       java.lang.invoke.MethodType::makeImpl (109 bytes)
Total: 1

VM state: not at safepoint (normal execution)

VM Mutex/Monitor currently owned by a thread:  ([mutex/lock_event])
[0x00007ff8a6752888] Metaspace_lock - owner thread: 0x0000025f23e13d10

Heap address: 0x0000000085800000, size: 1960 MB, Compressed Oops mode: 32-bit

CDS archive(s) mapped at: [0x0000025ede000000-0x0000025eded70000-0x0000025eded70000), size 14090240, SharedBaseAddress: 0x0000025ede000000, ArchiveRelocationMode: 1.
Compressed class space mapped at: 0x0000025edf000000-0x0000025f1f000000, reserved size: 1073741824
Narrow klass base: 0x0000025ede000000, Narrow klass shift: 0, Narrow klass range: 0x41000000

GC Precious Log:
 CardTable entry size: 512
 Card Set container configuration: InlinePtr #cards 5 size 8 Array Of Cards #cards 10 size 36 Howl #buckets 4 coarsen threshold 1843 Howl Bitmap #cards 512 size 80 coarsen threshold 460 Card regions per heap region 1 cards per card region 2048
 CPUs: 4 total, 4 available
 Memory: 7834M
 Large Page Support: Disabled
 NUMA Support: Disabled
 Compressed Oops: Enabled (32-bit)
 Heap Region Size: 1M
 Heap Min Capacity: 8M
 Heap Initial Capacity: 124M
 Heap Max Capacity: 1960M
 Pre-touch: Disabled
 Parallel Workers: 4
 Concurrent Workers: 1
 Concurrent Refinement Workers: 4
 Periodic GC: Disabled

Heap:
 garbage-first heap   total reserved 2007040K, committed 126976K, used 34760K [0x0000000085800000, 0x0000000100000000)
  region size 1024K, 29 young (29696K), 1 survivors (1024K)
 Metaspace       used 13454K, committed 13760K, reserved 1114112K
  class space    used 1874K, committed 2048K, reserved 1048576K

Heap Regions: E=young(eden), S=young(survivor), O=old, HS=humongous(starts), HC=humongous(continues), CS=collection set, F=free, TAMS=top-at-mark-start, PB=parsable bottom
|   0|0x0000000085800000, 0x0000000085900000, 0x0000000085900000|100%|HS|  |TAMS 0x0000000085800000| PB 0x0000000085800000| Complete |  0
|   1|0x0000000085900000, 0x0000000085a00000, 0x0000000085a00000|100%|HS|  |TAMS 0x0000000085900000| PB 0x0000000085900000| Complete |  0
|   2|0x0000000085a00000, 0x0000000085b00000, 0x0000000085b00000|100%| O|  |TAMS 0x0000000085a00000| PB 0x0000000085a00000| Untracked |  0
|   3|0x0000000085b00000, 0x0000000085c00000, 0x0000000085c00000|100%| O|  |TAMS 0x0000000085b00000| PB 0x0000000085b00000| Untracked |  0
|   4|0x0000000085c00000, 0x0000000085d00000, 0x0000000085d00000|100%| O|  |TAMS 0x0000000085c00000| PB 0x0000000085c00000| Untracked |  0
|   5|0x0000000085d00000, 0x0000000085e00000, 0x0000000085e00000|100%| O|  |TAMS 0x0000000085d00000| PB 0x0000000085d00000| Untracked |  0
|   6|0x0000000085e00000, 0x0000000085f00000, 0x0000000085f00000|100%| O|  |TAMS 0x0000000085e00000| PB 0x0000000085e00000| Untracked |  0
|   7|0x0000000085f00000, 0x0000000085f0fda8, 0x0000000086000000|  6%| O|  |TAMS 0x0000000085f00000| PB 0x0000000085f00000| Untracked |  0
|   8|0x0000000086000000, 0x0000000086000000, 0x0000000086100000|  0%| F|  |TAMS 0x0000000086000000| PB 0x0000000086000000| Untracked |  0
|   9|0x0000000086100000, 0x0000000086100000, 0x0000000086200000|  0%| F|  |TAMS 0x0000000086100000| PB 0x0000000086100000| Untracked |  0
|  10|0x0000000086200000, 0x0000000086200000, 0x0000000086300000|  0%| F|  |TAMS 0x0000000086200000| PB 0x0000000086200000| Untracked |  0
|  11|0x0000000086300000, 0x0000000086300000, 0x0000000086400000|  0%| F|  |TAMS 0x0000000086300000| PB 0x0000000086300000| Untracked |  0
|  12|0x0000000086400000, 0x0000000086400000, 0x0000000086500000|  0%| F|  |TAMS 0x0000000086400000| PB 0x0000000086400000| Untracked |  0
|  13|0x0000000086500000, 0x0000000086500000, 0x0000000086600000|  0%| F|  |TAMS 0x0000000086500000| PB 0x0000000086500000| Untracked |  0
|  14|0x0000000086600000, 0x0000000086600000, 0x0000000086700000|  0%| F|  |TAMS 0x0000000086600000| PB 0x0000000086600000| Untracked |  0
|  15|0x0000000086700000, 0x0000000086700000, 0x0000000086800000|  0%| F|  |TAMS 0x0000000086700000| PB 0x0000000086700000| Untracked |  0
|  16|0x0000000086800000, 0x0000000086800000, 0x0000000086900000|  0%| F|  |TAMS 0x0000000086800000| PB 0x0000000086800000| Untracked |  0
|  17|0x0000000086900000, 0x0000000086900000, 0x0000000086a00000|  0%| F|  |TAMS 0x0000000086900000| PB 0x0000000086900000| Untracked |  0
|  18|0x0000000086a00000, 0x0000000086a00000, 0x0000000086b00000|  0%| F|  |TAMS 0x0000000086a00000| PB 0x0000000086a00000| Untracked |  0
|  19|0x0000000086b00000, 0x0000000086b00000, 0x0000000086c00000|  0%| F|  |TAMS 0x0000000086b00000| PB 0x0000000086b00000| Untracked |  0
|  20|0x0000000086c00000, 0x0000000086c00000, 0x0000000086d00000|  0%| F|  |TAMS 0x0000000086c00000| PB 0x0000000086c00000| Untracked |  0
|  21|0x0000000086d00000, 0x0000000086d00000, 0x0000000086e00000|  0%| F|  |TAMS 0x0000000086d00000| PB 0x0000000086d00000| Untracked |  0
|  22|0x0000000086e00000, 0x0000000086e00000, 0x0000000086f00000|  0%| F|  |TAMS 0x0000000086e00000| PB 0x0000000086e00000| Untracked |  0
|  23|0x0000000086f00000, 0x0000000086f00000, 0x0000000087000000|  0%| F|  |TAMS 0x0000000086f00000| PB 0x0000000086f00000| Untracked |  0
|  24|0x0000000087000000, 0x0000000087000000, 0x0000000087100000|  0%| F|  |TAMS 0x0000000087000000| PB 0x0000000087000000| Untracked |  0
|  25|0x0000000087100000, 0x0000000087100000, 0x0000000087200000|  0%| F|  |TAMS 0x0000000087100000| PB 0x0000000087100000| Untracked |  0
|  26|0x0000000087200000, 0x0000000087200000, 0x0000000087300000|  0%| F|  |TAMS 0x0000000087200000| PB 0x0000000087200000| Untracked |  0
|  27|0x0000000087300000, 0x0000000087300000, 0x0000000087400000|  0%| F|  |TAMS 0x0000000087300000| PB 0x0000000087300000| Untracked |  0
|  28|0x0000000087400000, 0x0000000087400000, 0x0000000087500000|  0%| F|  |TAMS 0x0000000087400000| PB 0x0000000087400000| Untracked |  0
|  29|0x0000000087500000, 0x0000000087500000, 0x0000000087600000|  0%| F|  |TAMS 0x0000000087500000| PB 0x0000000087500000| Untracked |  0
|  30|0x0000000087600000, 0x0000000087600000, 0x0000000087700000|  0%| F|  |TAMS 0x0000000087600000| PB 0x0000000087600000| Untracked |  0
|  31|0x0000000087700000, 0x0000000087700000, 0x0000000087800000|  0%| F|  |TAMS 0x0000000087700000| PB 0x0000000087700000| Untracked |  0
|  32|0x0000000087800000, 0x0000000087800000, 0x0000000087900000|  0%| F|  |TAMS 0x0000000087800000| PB 0x0000000087800000| Untracked |  0
|  33|0x0000000087900000, 0x0000000087900000, 0x0000000087a00000|  0%| F|  |TAMS 0x0000000087900000| PB 0x0000000087900000| Untracked |  0
|  34|0x0000000087a00000, 0x0000000087a00000, 0x0000000087b00000|  0%| F|  |TAMS 0x0000000087a00000| PB 0x0000000087a00000| Untracked |  0
|  35|0x0000000087b00000, 0x0000000087b00000, 0x0000000087c00000|  0%| F|  |TAMS 0x0000000087b00000| PB 0x0000000087b00000| Untracked |  0
|  36|0x0000000087c00000, 0x0000000087c00000, 0x0000000087d00000|  0%| F|  |TAMS 0x0000000087c00000| PB 0x0000000087c00000| Untracked |  0
|  37|0x0000000087d00000, 0x0000000087d00000, 0x0000000087e00000|  0%| F|  |TAMS 0x0000000087d00000| PB 0x0000000087d00000| Untracked |  0
|  38|0x0000000087e00000, 0x0000000087e00000, 0x0000000087f00000|  0%| F|  |TAMS 0x0000000087e00000| PB 0x0000000087e00000| Untracked |  0
|  39|0x0000000087f00000, 0x0000000087f00000, 0x0000000088000000|  0%| F|  |TAMS 0x0000000087f00000| PB 0x0000000087f00000| Untracked |  0
|  40|0x0000000088000000, 0x0000000088000000, 0x0000000088100000|  0%| F|  |TAMS 0x0000000088000000| PB 0x0000000088000000| Untracked |  0
|  41|0x0000000088100000, 0x0000000088100000, 0x0000000088200000|  0%| F|  |TAMS 0x0000000088100000| PB 0x0000000088100000| Untracked |  0
|  42|0x0000000088200000, 0x0000000088200000, 0x0000000088300000|  0%| F|  |TAMS 0x0000000088200000| PB 0x0000000088200000| Untracked |  0
|  43|0x0000000088300000, 0x0000000088300000, 0x0000000088400000|  0%| F|  |TAMS 0x0000000088300000| PB 0x0000000088300000| Untracked |  0
|  44|0x0000000088400000, 0x0000000088400000, 0x0000000088500000|  0%| F|  |TAMS 0x0000000088400000| PB 0x0000000088400000| Untracked |  0
|  45|0x0000000088500000, 0x0000000088500000, 0x0000000088600000|  0%| F|  |TAMS 0x0000000088500000| PB 0x0000000088500000| Untracked |  0
|  46|0x0000000088600000, 0x0000000088600000, 0x0000000088700000|  0%| F|  |TAMS 0x0000000088600000| PB 0x0000000088600000| Untracked |  0
|  47|0x0000000088700000, 0x0000000088700000, 0x0000000088800000|  0%| F|  |TAMS 0x0000000088700000| PB 0x0000000088700000| Untracked |  0
|  48|0x0000000088800000, 0x0000000088800000, 0x0000000088900000|  0%| F|  |TAMS 0x0000000088800000| PB 0x0000000088800000| Untracked |  0
|  49|0x0000000088900000, 0x0000000088900000, 0x0000000088a00000|  0%| F|  |TAMS 0x0000000088900000| PB 0x0000000088900000| Untracked |  0
|  50|0x0000000088a00000, 0x0000000088a00000, 0x0000000088b00000|  0%| F|  |TAMS 0x0000000088a00000| PB 0x0000000088a00000| Untracked |  0
|  51|0x0000000088b00000, 0x0000000088b00000, 0x0000000088c00000|  0%| F|  |TAMS 0x0000000088b00000| PB 0x0000000088b00000| Untracked |  0
|  52|0x0000000088c00000, 0x0000000088c00000, 0x0000000088d00000|  0%| F|  |TAMS 0x0000000088c00000| PB 0x0000000088c00000| Untracked |  0
|  53|0x0000000088d00000, 0x0000000088d00000, 0x0000000088e00000|  0%| F|  |TAMS 0x0000000088d00000| PB 0x0000000088d00000| Untracked |  0
|  54|0x0000000088e00000, 0x0000000088e00000, 0x0000000088f00000|  0%| F|  |TAMS 0x0000000088e00000| PB 0x0000000088e00000| Untracked |  0
|  55|0x0000000088f00000, 0x0000000088f00000, 0x0000000089000000|  0%| F|  |TAMS 0x0000000088f00000| PB 0x0000000088f00000| Untracked |  0
|  56|0x0000000089000000, 0x0000000089000000, 0x0000000089100000|  0%| F|  |TAMS 0x0000000089000000| PB 0x0000000089000000| Untracked |  0
|  57|0x0000000089100000, 0x0000000089100000, 0x0000000089200000|  0%| F|  |TAMS 0x0000000089100000| PB 0x0000000089100000| Untracked |  0
|  58|0x0000000089200000, 0x0000000089200000, 0x0000000089300000|  0%| F|  |TAMS 0x0000000089200000| PB 0x0000000089200000| Untracked |  0
|  59|0x0000000089300000, 0x0000000089300000, 0x0000000089400000|  0%| F|  |TAMS 0x0000000089300000| PB 0x0000000089300000| Untracked |  0
|  60|0x0000000089400000, 0x0000000089400000, 0x0000000089500000|  0%| F|  |TAMS 0x0000000089400000| PB 0x0000000089400000| Untracked |  0
|  61|0x0000000089500000, 0x0000000089500000, 0x0000000089600000|  0%| F|  |TAMS 0x0000000089500000| PB 0x0000000089500000| Untracked |  0
|  62|0x0000000089600000, 0x0000000089600000, 0x0000000089700000|  0%| F|  |TAMS 0x0000000089600000| PB 0x0000000089600000| Untracked |  0
|  63|0x0000000089700000, 0x0000000089700000, 0x0000000089800000|  0%| F|  |TAMS 0x0000000089700000| PB 0x0000000089700000| Untracked |  0
|  64|0x0000000089800000, 0x0000000089800000, 0x0000000089900000|  0%| F|  |TAMS 0x0000000089800000| PB 0x0000000089800000| Untracked |  0
|  65|0x0000000089900000, 0x0000000089900000, 0x0000000089a00000|  0%| F|  |TAMS 0x0000000089900000| PB 0x0000000089900000| Untracked |  0
|  66|0x0000000089a00000, 0x0000000089a00000, 0x0000000089b00000|  0%| F|  |TAMS 0x0000000089a00000| PB 0x0000000089a00000| Untracked |  0
|  67|0x0000000089b00000, 0x0000000089b00000, 0x0000000089c00000|  0%| F|  |TAMS 0x0000000089b00000| PB 0x0000000089b00000| Untracked |  0
|  68|0x0000000089c00000, 0x0000000089c00000, 0x0000000089d00000|  0%| F|  |TAMS 0x0000000089c00000| PB 0x0000000089c00000| Untracked |  0
|  69|0x0000000089d00000, 0x0000000089d00000, 0x0000000089e00000|  0%| F|  |TAMS 0x0000000089d00000| PB 0x0000000089d00000| Untracked |  0
|  70|0x0000000089e00000, 0x0000000089e00000, 0x0000000089f00000|  0%| F|  |TAMS 0x0000000089e00000| PB 0x0000000089e00000| Untracked |  0
|  71|0x0000000089f00000, 0x0000000089f00000, 0x000000008a000000|  0%| F|  |TAMS 0x0000000089f00000| PB 0x0000000089f00000| Untracked |  0
|  72|0x000000008a000000, 0x000000008a000000, 0x000000008a100000|  0%| F|  |TAMS 0x000000008a000000| PB 0x000000008a000000| Untracked |  0
|  73|0x000000008a100000, 0x000000008a100000, 0x000000008a200000|  0%| F|  |TAMS 0x000000008a100000| PB 0x000000008a100000| Untracked |  0
|  74|0x000000008a200000, 0x000000008a200000, 0x000000008a300000|  0%| F|  |TAMS 0x000000008a200000| PB 0x000000008a200000| Untracked |  0
|  75|0x000000008a300000, 0x000000008a300000, 0x000000008a400000|  0%| F|  |TAMS 0x000000008a300000| PB 0x000000008a300000| Untracked |  0
|  76|0x000000008a400000, 0x000000008a400000, 0x000000008a500000|  0%| F|  |TAMS 0x000000008a400000| PB 0x000000008a400000| Untracked |  0
|  77|0x000000008a500000, 0x000000008a500000, 0x000000008a600000|  0%| F|  |TAMS 0x000000008a500000| PB 0x000000008a500000| Untracked |  0
|  78|0x000000008a600000, 0x000000008a600000, 0x000000008a700000|  0%| F|  |TAMS 0x000000008a600000| PB 0x000000008a600000| Untracked |  0
|  79|0x000000008a700000, 0x000000008a700000, 0x000000008a800000|  0%| F|  |TAMS 0x000000008a700000| PB 0x000000008a700000| Untracked |  0
|  80|0x000000008a800000, 0x000000008a800000, 0x000000008a900000|  0%| F|  |TAMS 0x000000008a800000| PB 0x000000008a800000| Untracked |  0
|  81|0x000000008a900000, 0x000000008a900000, 0x000000008aa00000|  0%| F|  |TAMS 0x000000008a900000| PB 0x000000008a900000| Untracked |  0
|  82|0x000000008aa00000, 0x000000008aa00000, 0x000000008ab00000|  0%| F|  |TAMS 0x000000008aa00000| PB 0x000000008aa00000| Untracked |  0
|  83|0x000000008ab00000, 0x000000008ab00000, 0x000000008ac00000|  0%| F|  |TAMS 0x000000008ab00000| PB 0x000000008ab00000| Untracked |  0
|  84|0x000000008ac00000, 0x000000008ac00000, 0x000000008ad00000|  0%| F|  |TAMS 0x000000008ac00000| PB 0x000000008ac00000| Untracked |  0
|  85|0x000000008ad00000, 0x000000008ad00000, 0x000000008ae00000|  0%| F|  |TAMS 0x000000008ad00000| PB 0x000000008ad00000| Untracked |  0
|  86|0x000000008ae00000, 0x000000008ae00000, 0x000000008af00000|  0%| F|  |TAMS 0x000000008ae00000| PB 0x000000008ae00000| Untracked |  0
|  87|0x000000008af00000, 0x000000008af00000, 0x000000008b000000|  0%| F|  |TAMS 0x000000008af00000| PB 0x000000008af00000| Untracked |  0
|  88|0x000000008b000000, 0x000000008b000000, 0x000000008b100000|  0%| F|  |TAMS 0x000000008b000000| PB 0x000000008b000000| Untracked |  0
|  89|0x000000008b100000, 0x000000008b100000, 0x000000008b200000|  0%| F|  |TAMS 0x000000008b100000| PB 0x000000008b100000| Untracked |  0
|  90|0x000000008b200000, 0x000000008b200000, 0x000000008b300000|  0%| F|  |TAMS 0x000000008b200000| PB 0x000000008b200000| Untracked |  0
|  91|0x000000008b300000, 0x000000008b300000, 0x000000008b400000|  0%| F|  |TAMS 0x000000008b300000| PB 0x000000008b300000| Untracked |  0
|  92|0x000000008b400000, 0x000000008b400000, 0x000000008b500000|  0%| F|  |TAMS 0x000000008b400000| PB 0x000000008b400000| Untracked |  0
|  93|0x000000008b500000, 0x000000008b500000, 0x000000008b600000|  0%| F|  |TAMS 0x000000008b500000| PB 0x000000008b500000| Untracked |  0
|  94|0x000000008b600000, 0x000000008b600000, 0x000000008b700000|  0%| F|  |TAMS 0x000000008b600000| PB 0x000000008b600000| Untracked |  0
|  95|0x000000008b700000, 0x000000008b755e58, 0x000000008b800000| 33%| E|  |TAMS 0x000000008b700000| PB 0x000000008b700000| Complete |  1
|  96|0x000000008b800000, 0x000000008b900000, 0x000000008b900000|100%| E|CS|TAMS 0x000000008b800000| PB 0x000000008b800000| Complete |  0
|  97|0x000000008b900000, 0x000000008ba00000, 0x000000008ba00000|100%| E|CS|TAMS 0x000000008b900000| PB 0x000000008b900000| Complete |  0
|  98|0x000000008ba00000, 0x000000008bb00000, 0x000000008bb00000|100%| E|CS|TAMS 0x000000008ba00000| PB 0x000000008ba00000| Complete |  0
|  99|0x000000008bb00000, 0x000000008bc00000, 0x000000008bc00000|100%| E|CS|TAMS 0x000000008bb00000| PB 0x000000008bb00000| Complete |  0
| 100|0x000000008bc00000, 0x000000008bd00000, 0x000000008bd00000|100%| E|CS|TAMS 0x000000008bc00000| PB 0x000000008bc00000| Complete |  0
| 101|0x000000008bd00000, 0x000000008be00000, 0x000000008be00000|100%| E|CS|TAMS 0x000000008bd00000| PB 0x000000008bd00000| Complete |  0
| 102|0x000000008be00000, 0x000000008bf00000, 0x000000008bf00000|100%| E|CS|TAMS 0x000000008be00000| PB 0x000000008be00000| Complete |  0
| 103|0x000000008bf00000, 0x000000008c000000, 0x000000008c000000|100%| E|CS|TAMS 0x000000008bf00000| PB 0x000000008bf00000| Complete |  0
| 104|0x000000008c000000, 0x000000008c100000, 0x000000008c100000|100%| E|CS|TAMS 0x000000008c000000| PB 0x000000008c000000| Complete |  0
| 105|0x000000008c100000, 0x000000008c200000, 0x000000008c200000|100%| E|CS|TAMS 0x000000008c100000| PB 0x000000008c100000| Complete |  0
| 106|0x000000008c200000, 0x000000008c300000, 0x000000008c300000|100%| E|CS|TAMS 0x000000008c200000| PB 0x000000008c200000| Complete |  0
| 107|0x000000008c300000, 0x000000008c400000, 0x000000008c400000|100%| E|CS|TAMS 0x000000008c300000| PB 0x000000008c300000| Complete |  0
| 108|0x000000008c400000, 0x000000008c500000, 0x000000008c500000|100%| E|CS|TAMS 0x000000008c400000| PB 0x000000008c400000| Complete |  0
| 109|0x000000008c500000, 0x000000008c600000, 0x000000008c600000|100%| E|CS|TAMS 0x000000008c500000| PB 0x000000008c500000| Complete |  0
| 110|0x000000008c600000, 0x000000008c700000, 0x000000008c700000|100%| E|  |TAMS 0x000000008c600000| PB 0x000000008c600000| Complete |  0
| 111|0x000000008c700000, 0x000000008c7e23b0, 0x000000008c800000| 88%| S|CS|TAMS 0x000000008c700000| PB 0x000000008c700000| Complete |  0
| 112|0x000000008c800000, 0x000000008c900000, 0x000000008c900000|100%| E|CS|TAMS 0x000000008c800000| PB 0x000000008c800000| Complete |  0
| 113|0x000000008c900000, 0x000000008ca00000, 0x000000008ca00000|100%| E|CS|TAMS 0x000000008c900000| PB 0x000000008c900000| Complete |  0
| 114|0x000000008ca00000, 0x000000008cb00000, 0x000000008cb00000|100%| E|CS|TAMS 0x000000008ca00000| PB 0x000000008ca00000| Complete |  0
| 115|0x000000008cb00000, 0x000000008cc00000, 0x000000008cc00000|100%| E|CS|TAMS 0x000000008cb00000| PB 0x000000008cb00000| Complete |  0
| 116|0x000000008cc00000, 0x000000008cd00000, 0x000000008cd00000|100%| E|CS|TAMS 0x000000008cc00000| PB 0x000000008cc00000| Complete |  0
| 117|0x000000008cd00000, 0x000000008ce00000, 0x000000008ce00000|100%| E|CS|TAMS 0x000000008cd00000| PB 0x000000008cd00000| Complete |  0
| 118|0x000000008ce00000, 0x000000008cf00000, 0x000000008cf00000|100%| E|CS|TAMS 0x000000008ce00000| PB 0x000000008ce00000| Complete |  0
| 119|0x000000008cf00000, 0x000000008d000000, 0x000000008d000000|100%| E|CS|TAMS 0x000000008cf00000| PB 0x000000008cf00000| Complete |  0
| 120|0x000000008d000000, 0x000000008d100000, 0x000000008d100000|100%| E|CS|TAMS 0x000000008d000000| PB 0x000000008d000000| Complete |  0
| 121|0x000000008d100000, 0x000000008d200000, 0x000000008d200000|100%| E|CS|TAMS 0x000000008d100000| PB 0x000000008d100000| Complete |  0
| 122|0x000000008d200000, 0x000000008d300000, 0x000000008d300000|100%| E|CS|TAMS 0x000000008d200000| PB 0x000000008d200000| Complete |  0
| 123|0x000000008d300000, 0x000000008d400000, 0x000000008d400000|100%| E|CS|TAMS 0x000000008d300000| PB 0x000000008d300000| Complete |  0

Card table byte_map: [0x0000025ed9800000,0x0000025ed9be0000] _byte_map_base: 0x0000025ed93d4000

Marking Bits: (CMBitMap*) 0x0000025ec1d6d590
 Bits: [0x0000025ed9be0000, 0x0000025edba80000)

Polling page: 0x0000025ec1480000

Metaspace:

Usage:
  Non-class:     11.31 MB used.
      Class:      1.83 MB used.
       Both:     13.14 MB used.

Virtual space:
  Non-class space:       64.00 MB reserved,      11.44 MB ( 18%) committed,  1 nodes.
      Class space:        1.00 GB reserved,       2.00 MB ( <1%) committed,  1 nodes.
             Both:        1.06 GB reserved,      13.44 MB (  1%) committed. 

Chunk freelists:
   Non-Class:  4.42 MB
       Class:  13.97 MB
        Both:  18.39 MB

MaxMetaspaceSize: unlimited
CompressedClassSpaceSize: 1.00 GB
Initial GC threshold: 21.00 MB
Current GC threshold: 21.00 MB
CDS: on
 - commit_granule_bytes: 65536.
 - commit_granule_words: 8192.
 - virtual_space_node_default_size: 8388608.
 - enlarge_chunks_in_place: 1.
 - use_allocation_guard: 0.


Internal statistics:

num_allocs_failed_limit: 0.
num_arena_births: 350.
num_arena_deaths: 0.
num_vsnodes_births: 2.
num_vsnodes_deaths: 0.
num_space_committed: 215.
num_space_uncommitted: 0.
num_chunks_returned_to_freelist: 0.
num_chunks_taken_from_freelist: 842.
num_chunk_merges: 0.
num_chunk_splits: 517.
num_chunks_enlarged: 322.
num_inconsistent_stats: 0.

CodeHeap 'non-profiled nmethods': size=120064Kb used=685Kb max_used=685Kb free=119378Kb
 bounds [0x0000025ed1ee0000, 0x0000025ed2150000, 0x0000025ed9420000]
CodeHeap 'profiled nmethods': size=120000Kb used=3082Kb max_used=3082Kb free=116917Kb
 bounds [0x0000025eca420000, 0x0000025eca730000, 0x0000025ed1950000]
CodeHeap 'non-nmethods': size=5696Kb used=1512Kb max_used=1537Kb free=4183Kb
 bounds [0x0000025ed1950000, 0x0000025ed1bc0000, 0x0000025ed1ee0000]
CodeCache: size=245760Kb, used=5279Kb, max_used=5304Kb, free=240478Kb
 total_blobs=2751, nmethods=2248, adapters=408, full_count=0
Compilation: enabled, stopped_count=0, restarted_count=0

Compilation events (20 events):
Event: 0.903 Thread 0x0000025edbc78560 2221       3       java.lang.invoke.AbstractValidatingLambdaMetafactory::checkDescriptor (133 bytes)
Event: 0.905 Thread 0x0000025edbc78560 nmethod 2221 0x0000025eca714388 code [0x0000025eca714720, 0x0000025eca7169d8]
Event: 0.905 Thread 0x0000025edbc78560 2218       3       java.lang.invoke.InfoFromMemberName::<init> (72 bytes)
Event: 0.905 Thread 0x0000025edbc78560 nmethod 2218 0x0000025eca716a88 code [0x0000025eca716ba0, 0x0000025eca716d80]
Event: 0.905 Thread 0x0000025edbc78560 2220       3       java.lang.invoke.AbstractValidatingLambdaMetafactory::isAdaptableToAsReturn (36 bytes)
Event: 0.905 Thread 0x0000025edbc78560 nmethod 2220 0x0000025eca716e08 code [0x0000025eca716f60, 0x0000025eca7173b8]
Event: 0.905 Thread 0x0000025edbc78560 2222       3       java.lang.invoke.AbstractValidatingLambdaMetafactory::isAdaptableToAsReturnStrict (34 bytes)
Event: 0.905 Thread 0x0000025edbc78560 nmethod 2222 0x0000025eca717408 code [0x0000025eca717560, 0x0000025eca717ac0]
Event: 0.909 Thread 0x0000025edbc78560 2223       3       java.lang.invoke.LambdaForm$DMH/0x0000025edf104400::invokeStatic (31 bytes)
Event: 0.909 Thread 0x0000025edbc78560 nmethod 2223 0x0000025eca717b08 code [0x0000025eca717c40, 0x0000025eca718090]
Event: 0.909 Thread 0x0000025edbc78560 2224       3       java.lang.invoke.InnerClassLambdaMetafactory::lambdaClassName (48 bytes)
Event: 0.909 Thread 0x0000025edbc78560 nmethod 2224 0x0000025eca718108 code [0x0000025eca7182e0, 0x0000025eca7189f8]
Event: 0.910 Thread 0x0000025edbc78560 2225       1       ch.qos.logback.core.pattern.Converter::getNext (5 bytes)
Event: 0.910 Thread 0x0000025edbc78560 nmethod 2225 0x0000025ed1f8a388 code [0x0000025ed1f8a4a0, 0x0000025ed1f8a568]
Event: 0.914 Thread 0x0000025edbc78560 2226       3       java.lang.invoke.LambdaForm$MH/0x0000025edf014000::invoke (25 bytes)
Event: 0.915 Thread 0x0000025edbc78560 nmethod 2226 0x0000025eca718a88 code [0x0000025eca718bc0, 0x0000025eca7190c8]
Event: 0.920 Thread 0x0000025edbc78560 2227   !   3       java.lang.invoke.MethodHandles$Lookup::revealDirect (196 bytes)
Event: 0.921 Thread 0x0000025edbc78560 nmethod 2227 0x0000025eca719108 code [0x0000025eca7193e0, 0x0000025eca71a688]
Event: 0.924 Thread 0x0000025edbc78560 2228       3       java.lang.NamedPackage::<init> (59 bytes)
Event: 0.925 Thread 0x0000025edbc78560 nmethod 2228 0x0000025eca71a788 code [0x0000025eca71a9a0, 0x0000025eca71b400]

GC Heap History (4 events):
Event: 0.338 GC heap before
{Heap before GC invocations=0 (full 0):
 garbage-first heap   total reserved 2007040K, committed 126976K, used 15360K [0x0000000085800000, 0x0000000100000000)
  region size 1024K, 14 young (14336K), 0 survivors (0K)
 Metaspace       used 3543K, committed 3776K, reserved 1114112K
  class space    used 416K, committed 512K, reserved 1048576K
}
Event: 0.342 GC heap after
{Heap after GC invocations=1 (full 0):
 garbage-first heap   total reserved 2007040K, committed 126976K, used 7168K [0x0000000085800000, 0x0000000100000000)
  region size 1024K, 2 young (2048K), 2 survivors (2048K)
 Metaspace       used 3543K, committed 3776K, reserved 1114112K
  class space    used 416K, committed 512K, reserved 1048576K
}
Event: 0.530 GC heap before
{Heap before GC invocations=1 (full 0):
 garbage-first heap   total reserved 2007040K, committed 126976K, used 19456K [0x0000000085800000, 0x0000000100000000)
  region size 1024K, 14 young (14336K), 2 survivors (2048K)
 Metaspace       used 6561K, committed 6784K, reserved 1114112K
  class space    used 805K, committed 896K, reserved 1048576K
}
Event: 0.532 GC heap after
{Heap after GC invocations=2 (full 0):
 garbage-first heap   total reserved 2007040K, committed 126976K, used 8136K [0x0000000085800000, 0x0000000100000000)
  region size 1024K, 1 young (1024K), 1 survivors (1024K)
 Metaspace       used 6561K, committed 6784K, reserved 1114112K
  class space    used 805K, committed 896K, reserved 1048576K
}

Dll operation events (8 events):
Event: 0.009 Loaded shared library D:\Program Files\Java\jdk-23\bin\java.dll
Event: 0.035 Loaded shared library D:\Program Files\Java\jdk-23\bin\jsvml.dll
Event: 0.077 Loaded shared library D:\Program Files\Java\jdk-23\bin\net.dll
Event: 0.079 Loaded shared library D:\Program Files\Java\jdk-23\bin\nio.dll
Event: 0.081 Loaded shared library D:\Program Files\Java\jdk-23\bin\zip.dll
Event: 0.167 Loaded shared library D:\Program Files\Java\jdk-23\bin\jimage.dll
Event: 0.364 Loaded shared library D:\Program Files\Java\jdk-23\bin\management.dll
Event: 0.367 Loaded shared library D:\Program Files\Java\jdk-23\bin\management_ext.dll

Deoptimization events (20 events):
Event: 0.829 Thread 0x0000025f23e13d10 Uncommon trap: trap_request=0xffffffc6 fr.pc=0x0000025ed1f3518c relative=0x00000000000003ac
Event: 0.829 Thread 0x0000025f23e13d10 Uncommon trap: reason=bimorphic_or_optimized_type_check action=maybe_recompile pc=0x0000025ed1f3518c method=java.util.concurrent.ConcurrentHashMap.get(Ljava/lang/Object;)Ljava/lang/Object; @ 149 c2
Event: 0.829 Thread 0x0000025f23e13d10 DEOPT PACKING pc=0x0000025ed1f3518c sp=0x000000630eafd3e0
Event: 0.829 Thread 0x0000025f23e13d10 DEOPT UNPACKING pc=0x0000025ed19a7982 sp=0x000000630eafd360 mode 2
Event: 0.832 Thread 0x0000025f23e13d10 Uncommon trap: trap_request=0xffffffc6 fr.pc=0x0000025ed1f3518c relative=0x00000000000003ac
Event: 0.832 Thread 0x0000025f23e13d10 Uncommon trap: reason=bimorphic_or_optimized_type_check action=maybe_recompile pc=0x0000025ed1f3518c method=java.util.concurrent.ConcurrentHashMap.get(Ljava/lang/Object;)Ljava/lang/Object; @ 149 c2
Event: 0.832 Thread 0x0000025f23e13d10 DEOPT PACKING pc=0x0000025ed1f3518c sp=0x000000630eafd710
Event: 0.832 Thread 0x0000025f23e13d10 DEOPT UNPACKING pc=0x0000025ed19a7982 sp=0x000000630eafd690 mode 2
Event: 0.832 Thread 0x0000025f23e13d10 Uncommon trap: trap_request=0xffffffc6 fr.pc=0x0000025ed1f3518c relative=0x00000000000003ac
Event: 0.832 Thread 0x0000025f23e13d10 Uncommon trap: reason=bimorphic_or_optimized_type_check action=maybe_recompile pc=0x0000025ed1f3518c method=java.util.concurrent.ConcurrentHashMap.get(Ljava/lang/Object;)Ljava/lang/Object; @ 149 c2
Event: 0.832 Thread 0x0000025f23e13d10 DEOPT PACKING pc=0x0000025ed1f3518c sp=0x000000630eafd710
Event: 0.832 Thread 0x0000025f23e13d10 DEOPT UNPACKING pc=0x0000025ed19a7982 sp=0x000000630eafd690 mode 2
Event: 0.846 Thread 0x0000025f23e13d10 Uncommon trap: trap_request=0xffffffde fr.pc=0x0000025ed1f5cd08 relative=0x0000000000000848
Event: 0.846 Thread 0x0000025f23e13d10 Uncommon trap: reason=class_check action=maybe_recompile pc=0x0000025ed1f5cd08 method=java.util.HashMap.putVal(ILjava/lang/Object;Ljava/lang/Object;ZZ)Ljava/lang/Object; @ 203 c2
Event: 0.846 Thread 0x0000025f23e13d10 DEOPT PACKING pc=0x0000025ed1f5cd08 sp=0x000000630eafdc60
Event: 0.846 Thread 0x0000025f23e13d10 DEOPT UNPACKING pc=0x0000025ed19a7982 sp=0x000000630eafdb88 mode 2
Event: 0.870 Thread 0x0000025f24287dc0 Uncommon trap: trap_request=0xffffff45 fr.pc=0x0000025ed1f7eff0 relative=0x0000000000000230
Event: 0.870 Thread 0x0000025f24287dc0 Uncommon trap: reason=unstable_if action=reinterpret pc=0x0000025ed1f7eff0 method=java.util.concurrent.ConcurrentHashMap.get(Ljava/lang/Object;)Ljava/lang/Object; @ 86 c2
Event: 0.870 Thread 0x0000025f24287dc0 DEOPT PACKING pc=0x0000025ed1f7eff0 sp=0x000000630ebfe610
Event: 0.870 Thread 0x0000025f24287dc0 DEOPT UNPACKING pc=0x0000025ed19a7982 sp=0x000000630ebfe578 mode 2

Classes loaded (20 events):
Event: 0.924 Loading class sun/reflect/annotation/TypeAnnotation$TypeAnnotationTarget
Event: 0.925 Loading class sun/reflect/annotation/TypeAnnotation$TypeAnnotationTarget done
Event: 0.925 Loading class sun/reflect/annotation/TypeAnnotationParser
Event: 0.926 Loading class sun/reflect/annotation/TypeAnnotationParser done
Event: 0.926 Loading class sun/reflect/annotation/TypeAnnotation
Event: 0.926 Loading class sun/reflect/annotation/TypeAnnotation done
Event: 0.926 Loading class sun/reflect/annotation/TypeAnnotation$LocationInfo
Event: 0.926 Loading class sun/reflect/annotation/TypeAnnotation$LocationInfo done
Event: 0.926 Loading class sun/reflect/annotation/TypeAnnotation$LocationInfo$Location
Event: 0.926 Loading class sun/reflect/annotation/TypeAnnotation$LocationInfo$Location done
Event: 0.926 Loading class sun/reflect/annotation/AnnotatedTypeFactory
Event: 0.927 Loading class sun/reflect/annotation/AnnotatedTypeFactory done
Event: 0.927 Loading class sun/reflect/annotation/AnnotatedTypeFactory$AnnotatedTypeBaseImpl
Event: 0.927 Loading class sun/reflect/annotation/AnnotatedTypeFactory$AnnotatedTypeBaseImpl done
Event: 0.927 Loading class java/lang/reflect/AnnotatedParameterizedType
Event: 0.927 Loading class java/lang/reflect/AnnotatedParameterizedType done
Event: 0.927 Loading class java/lang/reflect/AnnotatedArrayType
Event: 0.928 Loading class java/lang/reflect/AnnotatedArrayType done
Event: 0.938 Loading class jdk/internal/vm/annotation/IntrinsicCandidate
Event: 0.938 Loading class jdk/internal/vm/annotation/IntrinsicCandidate done

Classes unloaded (0 events):
No events

Classes redefined (0 events):
No events

Internal exceptions (20 events):
Event: 0.606 Thread 0x0000025f23e13d10 Exception <a 'java/lang/NoSuchMethodError'{0x000000008cf37a20}: 'int java.lang.invoke.DirectMethodHandle$Holder.invokeStaticInit(java.lang.Object, int, int)'> (0x000000008cf37a20) 
thrown [s\open\src\hotspot\share\interpreter\linkResolver.cpp, line 796]
Event: 0.607 Thread 0x0000025f23e13d10 Exception <a 'java/lang/NoSuchMethodError'{0x000000008cf3f540}: 'int java.lang.invoke.DirectMethodHandle$Holder.invokeStaticInit(java.lang.Object, long, long)'> (0x000000008cf3f540) 
thrown [s\open\src\hotspot\share\interpreter\linkResolver.cpp, line 796]
Event: 0.608 Thread 0x0000025f23e13d10 Exception <a 'java/lang/NoSuchMethodError'{0x000000008cf46298}: 'int java.lang.invoke.DirectMethodHandle$Holder.invokeStaticInit(java.lang.Object, float, float)'> (0x000000008cf46298) 
thrown [s\open\src\hotspot\share\interpreter\linkResolver.cpp, line 796]
Event: 0.608 Thread 0x0000025f23e13d10 Exception <a 'java/lang/NoSuchMethodError'{0x000000008cf4cfe8}: 'int java.lang.invoke.DirectMethodHandle$Holder.invokeStaticInit(java.lang.Object, double, double)'> (0x000000008cf4cfe8) 
thrown [s\open\src\hotspot\share\interpreter\linkResolver.cpp, line 796]
Event: 0.608 Thread 0x0000025f23e13d10 Exception <a 'java/lang/NoSuchMethodError'{0x000000008cf51808}: 'int java.lang.invoke.DirectMethodHandle$Holder.invokeStatic(java.lang.Object, long)'> (0x000000008cf51808) 
thrown [s\open\src\hotspot\share\interpreter\linkResolver.cpp, line 796]
Event: 0.611 Thread 0x0000025f23e13d10 Exception <a 'java/lang/NoSuchMethodError'{0x000000008cf744e0}: 'int java.lang.invoke.Invokers$Holder.linkToTargetMethod(java.lang.Object, java.lang.Object)'> (0x000000008cf744e0) 
thrown [s\open\src\hotspot\share\interpreter\linkResolver.cpp, line 796]
Event: 0.623 Thread 0x0000025f23e13d10 Exception <a 'java/lang/NoSuchMethodError'{0x000000008cffd218}: 'java.lang.Object java.lang.invoke.DirectMethodHandle$Holder.invokeSpecial(java.lang.Object, java.lang.Object, java.lang.Object, int, java.lang.Object)'> (0x000000008cffd218) 
thrown [s\open\src\hotspot\share\interpreter\linkResolver.cpp, line 796]
Event: 0.623 Thread 0x0000025f23e13d10 Exception <a 'java/lang/NoSuchMethodError'{0x000000008ce04f70}: 'java.lang.Object java.lang.invoke.DirectMethodHandle$Holder.newInvokeSpecial(java.lang.Object, java.lang.Object, java.lang.Object, int, java.lang.Object)'> (0x000000008ce04f70) 
thrown [s\open\src\hotspot\share\interpreter\linkResolver.cpp, line 796]
Event: 0.624 Thread 0x0000025f23e13d10 Exception <a 'java/lang/NoSuchMethodError'{0x000000008ce0c548}: 'java.lang.Object java.lang.invoke.Invokers$Holder.linkToTargetMethod(java.lang.Object, java.lang.Object, int, java.lang.Object, java.lang.Object)'> (0x000000008ce0c548) 
thrown [s\open\src\hotspot\share\interpreter\linkResolver.cpp, line 796]
Event: 0.624 Thread 0x0000025f23e13d10 Exception <a 'java/lang/NoSuchMethodError'{0x000000008ce14a30}: 'int java.lang.invoke.DirectMethodHandle$Holder.invokeStatic(java.lang.Object, int, java.lang.Object, java.lang.Object)'> (0x000000008ce14a30) 
thrown [s\open\src\hotspot\share\interpreter\linkResolver.cpp, line 796]
Event: 0.624 Thread 0x0000025f23e13d10 Exception <a 'java/lang/NoSuchMethodError'{0x000000008ce1bc28}: 'java.lang.Object java.lang.invoke.DirectMethodHandle$Holder.newInvokeSpecial(java.lang.Object, int, java.lang.Object)'> (0x000000008ce1bc28) 
thrown [s\open\src\hotspot\share\interpreter\linkResolver.cpp, line 796]
Event: 0.625 Thread 0x0000025f23e13d10 Exception <a 'java/lang/NoSuchMethodError'{0x000000008ce20a00}: 'int java.lang.invoke.DirectMethodHandle$Holder.invokeSpecialIFC(java.lang.Object, java.lang.Object, java.lang.Object, java.lang.Object)'> (0x000000008ce20a00) 
thrown [s\open\src\hotspot\share\interpreter\linkResolver.cpp, line 796]
Event: 0.640 Thread 0x0000025f23e13d10 Exception <a 'java/lang/NoSuchMethodError'{0x000000008cec97b8}: 'void java.lang.invoke.DirectMethodHandle$Holder.invokeInterface(java.lang.Object, java.lang.Object, java.lang.Object)'> (0x000000008cec97b8) 
thrown [s\open\src\hotspot\share\interpreter\linkResolver.cpp, line 796]
Event: 0.653 Thread 0x0000025f23e13d10 Exception <a 'java/lang/NoSuchMethodError'{0x000000008cd62148}: 'void java.lang.invoke.DirectMethodHandle$Holder.invokeStaticInit(java.lang.Object, java.lang.Object, java.lang.Object)'> (0x000000008cd62148) 
thrown [s\open\src\hotspot\share\interpreter\linkResolver.cpp, line 796]
Event: 0.659 Thread 0x0000025f23e13d10 Exception <a 'java/lang/NoSuchMethodError'{0x000000008cdb1448}: 'java.lang.Object java.lang.invoke.DirectMethodHandle$Holder.invokeVirtual(java.lang.Object, java.lang.Object, java.lang.Object)'> (0x000000008cdb1448) 
thrown [s\open\src\hotspot\share\interpreter\linkResolver.cpp, line 796]
Event: 0.676 Thread 0x0000025f23e13d10 Exception <a 'java/lang/NoSuchMethodError'{0x000000008cc64478}: 'void java.lang.invoke.DirectMethodHandle$Holder.invokeVirtual(java.lang.Object, java.lang.Object, java.lang.Object, java.lang.Object)'> (0x000000008cc64478) 
thrown [s\open\src\hotspot\share\interpreter\linkResolver.cpp, line 796]
Event: 0.721 Thread 0x0000025f23e13d10 Exception <a 'java/lang/NoSuchMethodError'{0x000000008cae5d20}: 'java.lang.reflect.Field[] java.lang.Class.getDeclaredFields(java.lang.Class)'> (0x000000008cae5d20) 
thrown [s\open\src\hotspot\share\interpreter\linkResolver.cpp, line 796]
Event: 0.722 Thread 0x0000025f23e13d10 Exception <a 'java/lang/NoSuchMethodError'{0x000000008caea730}: 'java.lang.Object java.lang.invoke.DirectMethodHandle$Holder.invokeStatic(java.lang.Object, java.lang.Object, int)'> (0x000000008caea730) 
thrown [s\open\src\hotspot\share\interpreter\linkResolver.cpp, line 796]
Event: 0.723 Thread 0x0000025f23e13d10 Exception <a 'java/lang/NoSuchMethodError'{0x000000008caf5660}: 'void java.lang.invoke.DelegatingMethodHandle$Holder.delegate(java.lang.Object, java.lang.Object, int, java.lang.Object)'> (0x000000008caf5660) 
thrown [s\open\src\hotspot\share\interpreter\linkResolver.cpp, line 796]
Event: 0.732 Thread 0x0000025f23e13d10 Exception <a 'java/lang/IncompatibleClassChangeError'{0x000000008c9fc350}: Found class java.lang.Object, but interface was expected> (0x000000008c9fc350) 
thrown [s\open\src\hotspot\share\interpreter\linkResolver.cpp, line 863]

VM Operations (20 events):
Event: 0.169 Executing VM operation: HandshakeAllThreads (Deoptimize)
Event: 0.169 Executing VM operation: HandshakeAllThreads (Deoptimize) done
Event: 0.335 Executing VM operation: HandshakeAllThreads (Deoptimize)
Event: 0.335 Executing VM operation: HandshakeAllThreads (Deoptimize) done
Event: 0.335 Executing VM operation: HandshakeAllThreads (Deoptimize)
Event: 0.335 Executing VM operation: HandshakeAllThreads (Deoptimize) done
Event: 0.338 Executing VM operation: G1CollectForAllocation (G1 Evacuation Pause)
Event: 0.342 Executing VM operation: G1CollectForAllocation (G1 Evacuation Pause) done
Event: 0.361 Executing VM operation: HandshakeAllThreads (Deoptimize)
Event: 0.361 Executing VM operation: HandshakeAllThreads (Deoptimize) done
Event: 0.460 Executing VM operation: HandshakeAllThreads (Deoptimize)
Event: 0.460 Executing VM operation: HandshakeAllThreads (Deoptimize) done
Event: 0.530 Executing VM operation: G1CollectForAllocation (G1 Evacuation Pause)
Event: 0.532 Executing VM operation: G1CollectForAllocation (G1 Evacuation Pause) done
Event: 0.711 Executing VM operation: HandshakeAllThreads (Deoptimize)
Event: 0.711 Executing VM operation: HandshakeAllThreads (Deoptimize) done
Event: 0.713 Executing VM operation: HandshakeAllThreads (Deoptimize)
Event: 0.713 Executing VM operation: HandshakeAllThreads (Deoptimize) done
Event: 0.722 Executing VM operation: HandshakeAllThreads (Deoptimize)
Event: 0.722 Executing VM operation: HandshakeAllThreads (Deoptimize) done

Memory protections (0 events):
No events

Nmethod flushes (0 events):
No events

Events (15 events):
Event: 0.023 Thread 0x0000025ec1d1b300 Thread added: 0x0000025ec1d1b300
Event: 0.033 Thread 0x0000025ec1d1b300 Thread added: 0x0000025edbc638c0
Event: 0.033 Thread 0x0000025ec1d1b300 Thread added: 0x0000025edbc64880
Event: 0.033 Thread 0x0000025ec1d1b300 Thread added: 0x0000025edbc67670
Event: 0.033 Thread 0x0000025ec1d1b300 Thread added: 0x0000025edbc681c0
Event: 0.033 Thread 0x0000025ec1d1b300 Thread added: 0x0000025edbc712a0
Event: 0.033 Thread 0x0000025ec1d1b300 Thread added: 0x0000025edbc71fa0
Event: 0.033 Thread 0x0000025ec1d1b300 Thread added: 0x0000025edbc75370
Event: 0.033 Thread 0x0000025ec1d1b300 Thread added: 0x0000025edbc78560
Event: 0.072 Thread 0x0000025ec1d1b300 Thread added: 0x0000025f23145250
Event: 0.074 Thread 0x0000025ec1d1b300 Thread added: 0x0000025f2314bc50
Event: 0.094 Thread 0x0000025edbc78560 Thread added: 0x0000025f23274d60
Event: 0.405 Thread 0x0000025ec1d1b300 Thread added: 0x0000025f23bc50c0
Event: 0.410 Thread 0x0000025f23bc50c0 Thread added: 0x0000025f23e13d10
Event: 0.717 Thread 0x0000025f23e13d10 Thread added: 0x0000025f24287dc0


Dynamic libraries:
0x00007ff73dd60000 - 0x00007ff73dd70000 	D:\Program Files\Java\jdk-23\bin\javaw.exe
0x00007ff91adf0000 - 0x00007ff91b007000 	C:\windows\SYSTEM32\ntdll.dll
0x00007ff919140000 - 0x00007ff919204000 	C:\windows\System32\KERNEL32.DLL
0x00007ff9183e0000 - 0x00007ff9187b2000 	C:\windows\System32\KERNELBASE.dll
0x00007ff914590000 - 0x00007ff914628000 	C:\windows\SYSTEM32\apphelp.dll
0x00007ff918180000 - 0x00007ff918291000 	C:\windows\System32\ucrtbase.dll
0x00007ff9089c0000 - 0x00007ff9089d7000 	D:\Program Files\Java\jdk-23\bin\jli.dll
0x00007ff912490000 - 0x00007ff9124ab000 	D:\Program Files\Java\jdk-23\bin\VCRUNTIME140.dll
0x00007ff919660000 - 0x00007ff919811000 	C:\windows\System32\USER32.dll
0x00007ff9189d0000 - 0x00007ff9189f6000 	C:\windows\System32\win32u.dll
0x00007ff91acc0000 - 0x00007ff91ace9000 	C:\windows\System32\GDI32.dll
0x00007ff918050000 - 0x00007ff918173000 	C:\windows\System32\gdi32full.dll
0x00007ff9187c0000 - 0x00007ff91885a000 	C:\windows\System32\msvcp_win.dll
0x00007ff8ffef0000 - 0x00007ff90018b000 	C:\windows\WinSxS\amd64_microsoft.windows.common-controls_6595b64144ccf1df_6.0.22621.5415_none_270d77d17387d7da\COMCTL32.dll
0x00007ff91aa60000 - 0x00007ff91ab07000 	C:\windows\System32\msvcrt.dll
0x00007ff918c20000 - 0x00007ff918c51000 	C:\windows\System32\IMM32.DLL
0x00000000635a0000 - 0x00000000635ac000 	D:\Program Files (x86)\360\Total Security\safemon\SafeWrapper.dll
0x00007ff91a850000 - 0x00007ff91a901000 	C:\windows\System32\ADVAPI32.dll
0x00007ff918b70000 - 0x00007ff918c18000 	C:\windows\System32\sechost.dll
0x00007ff917ee0000 - 0x00007ff917f08000 	C:\windows\System32\bcrypt.dll
0x00007ff91a920000 - 0x00007ff91aa34000 	C:\windows\System32\RPCRT4.dll
0x00007ff8ed710000 - 0x00007ff8ed7bc000 	D:\Program Files (x86)\360\Total Security\safemon\libzdtp64.dll
0x00007ff919d10000 - 0x00007ff91a5b2000 	C:\windows\System32\SHELL32.dll
0x00007ff917f10000 - 0x00007ff91804f000 	C:\windows\System32\wintypes.dll
0x00007ff9192c0000 - 0x00007ff919653000 	C:\windows\System32\combase.dll
0x00007ff91ad40000 - 0x00007ff91ada9000 	C:\windows\System32\SHLWAPI.dll
0x00007ff917a30000 - 0x00007ff917a3a000 	C:\windows\SYSTEM32\VERSION.dll
0x00007ff90d670000 - 0x00007ff90d67c000 	D:\Program Files\Java\jdk-23\bin\vcruntime140_1.dll
0x00007ff8e8940000 - 0x00007ff8e89ce000 	D:\Program Files\Java\jdk-23\bin\msvcp140.dll
0x00007ff8a5ae0000 - 0x00007ff8a6830000 	D:\Program Files\Java\jdk-23\bin\server\jvm.dll
0x00007ff91a6f0000 - 0x00007ff91a761000 	C:\windows\System32\WS2_32.dll
0x00007ff917db0000 - 0x00007ff917dfd000 	C:\windows\SYSTEM32\POWRPROF.dll
0x00007ff90eca0000 - 0x00007ff90ecd4000 	C:\windows\SYSTEM32\WINMM.dll
0x00007ff917d40000 - 0x00007ff917d53000 	C:\windows\SYSTEM32\UMPDC.dll
0x00007ff916e70000 - 0x00007ff916e88000 	C:\windows\SYSTEM32\kernel.appcore.dll
0x00007ff90ed30000 - 0x00007ff90ed3a000 	D:\Program Files\Java\jdk-23\bin\jimage.dll
0x00007ff9157e0000 - 0x00007ff915a13000 	C:\windows\SYSTEM32\DBGHELP.DLL
0x00007ff91a770000 - 0x00007ff91a847000 	C:\windows\System32\OLEAUT32.dll
0x00007ff8f3f30000 - 0x00007ff8f3f62000 	C:\windows\SYSTEM32\dbgcore.DLL
0x00007ff918360000 - 0x00007ff9183db000 	C:\windows\System32\bcryptPrimitives.dll
0x00007ff908b60000 - 0x00007ff908b7e000 	D:\Program Files\Java\jdk-23\bin\java.dll
0x00007ff91ab20000 - 0x00007ff91acc0000 	C:\windows\System32\ole32.dll
0x00007ff915d50000 - 0x00007ff91666e000 	C:\windows\SYSTEM32\windows.storage.dll
0x00007ff919030000 - 0x00007ff91913b000 	C:\windows\System32\SHCORE.dll
0x00007ff917e10000 - 0x00007ff917e3b000 	C:\windows\SYSTEM32\profapi.dll
0x00007ff8d92a0000 - 0x00007ff8d9377000 	D:\Program Files\Java\jdk-23\bin\jsvml.dll
0x00007ff909ad0000 - 0x00007ff909ae0000 	D:\Program Files\Java\jdk-23\bin\net.dll
0x00007ff9172f0000 - 0x00007ff917359000 	C:\windows\system32\mswsock.dll
0x00007ff908060000 - 0x00007ff908076000 	D:\Program Files\Java\jdk-23\bin\nio.dll
0x00007ff908480000 - 0x00007ff908497000 	D:\Program Files\Java\jdk-23\bin\zip.dll
0x00007ff90c8d0000 - 0x00007ff90c8da000 	D:\Program Files\Java\jdk-23\bin\management.dll
0x00007ff909840000 - 0x00007ff90984b000 	D:\Program Files\Java\jdk-23\bin\management_ext.dll
0x00007ff91ab10000 - 0x00007ff91ab18000 	C:\windows\System32\PSAPI.DLL

dbghelp: loaded successfully - version: 4.0.5 - missing functions: none
symbol engine: initialized successfully - sym options: 0x614 - pdb path: .;D:\Program Files\Java\jdk-23\bin;C:\windows\SYSTEM32;C:\windows\WinSxS\amd64_microsoft.windows.common-controls_6595b64144ccf1df_6.0.22621.5415_none_270d77d17387d7da;D:\Program Files (x86)\360\Total Security\safemon;D:\Program Files\Java\jdk-23\bin\server

VM Arguments:
jvm_args: -Dfile.encoding=UTF-8 -Dstdout.encoding=UTF-8 -Dstderr.encoding=UTF-8 -XX:+ShowCodeDetailsInExceptionMessages 
java_command: com.madhura.jobtracker.JobtrackerApplication
java_class_path (initial): D:\Job Application Tracker\jobtracker\target\classes;C:\Users\harsh\.m2\repository\org\springframework\boot\spring-boot-starter-data-jpa\3.5.3\spring-boot-starter-data-jpa-3.5.3.jar;C:\Users\harsh\.m2\repository\org\springframework\boot\spring-boot-starter\3.5.3\spring-boot-starter-3.5.3.jar;C:\Users\harsh\.m2\repository\org\springframework\boot\spring-boot-starter-logging\3.5.3\spring-boot-starter-logging-3.5.3.jar;C:\Users\harsh\.m2\repository\ch\qos\logback\logback-classic\1.5.18\logback-classic-1.5.18.jar;C:\Users\harsh\.m2\repository\ch\qos\logback\logback-core\1.5.18\logback-core-1.5.18.jar;C:\Users\harsh\.m2\repository\org\apache\logging\log4j\log4j-to-slf4j\2.24.3\log4j-to-slf4j-2.24.3.jar;C:\Users\harsh\.m2\repository\org\apache\logging\log4j\log4j-api\2.24.3\log4j-api-2.24.3.jar;C:\Users\harsh\.m2\repository\org\slf4j\jul-to-slf4j\2.0.17\jul-to-slf4j-2.0.17.jar;C:\Users\harsh\.m2\repository\jakarta\annotation\jakarta.annotation-api\2.1.1\jakarta.annotation-api-2.1.1.jar;C:\Users\harsh\.m2\repository\org\yaml\snakeyaml\2.4\snakeyaml-2.4.jar;C:\Users\harsh\.m2\repository\org\springframework\boot\spring-boot-starter-jdbc\3.5.3\spring-boot-starter-jdbc-3.5.3.jar;C:\Users\harsh\.m2\repository\com\zaxxer\HikariCP\6.3.0\HikariCP-6.3.0.jar;C:\Users\harsh\.m2\repository\org\springframework\spring-jdbc\6.2.8\spring-jdbc-6.2.8.jar;C:\Users\harsh\.m2\repository\org\hibernate\orm\hibernate-core\6.6.18.Final\hibernate-core-6.6.18.Final.jar;C:\Users\harsh\.m2\repository\jakarta\persistence\jakarta.persistence-api\3.1.0\jakarta.persistence-api-3.1.0.jar;C:\Users\harsh\.m2\repository\jakarta\transaction\jakarta.transaction-api\2.0.1\jakarta.transaction-api-2.0.1.jar;C:\Users\harsh\.m2\repository\org\jboss\logging\jboss-logging\3.6.1.Final\jboss-logging-3.6.1.Final.jar;C:\Users\harsh\.m2\repository\org\hibernate\common\hibernate-commons-annotations\7.0.3.Final\hibernate-commons-annotations-7.0.3.Final.jar;C:\Users\harsh\.m2\repository\io\smallrye\jandex\3.2.0\jandex-3.2.0.jar;C:\Users\harsh\.m2\repository\com\fasterxml\classmate\1.7.0\classmate-1.7.0.jar;C:\Users\harsh\.m2\repository\net\bytebuddy\byte-buddy\1.17.6\byte-buddy-1.17.6.jar;C:\Users\harsh\.m2\repository\org\glassfish\jaxb\jaxb-runtime\4.0.5\jaxb-runtime-4.0.5.jar;C:\Users\harsh\.m2\repository\org\glassfish\jaxb\jaxb-core\4.0.5\jaxb-core-4.0.5.jar;C:\Users\harsh\.m2\repository\org\glassfish\jaxb\txw2\4.0.5\txw2-4.0.5.jar;C:\Users\harsh\.m2\repository\com\sun\istack\istack-commons-runtime\4.1.2\istack-commons-runtime-4.1.2.jar;C:\Users\harsh\.m2\repository\jakarta\inject\jakarta.inject-api\2.0.1\jakarta.inject-api-2.0.1.jar;C:\Users\harsh\.m2\repository\org\antlr\antlr4-runtime\4.13.0\antlr4-runtime-4.13.0.jar;C:\Users\harsh\.m2\repository\org\springframework\data\spring-data-jpa\3.5.1\spring-data-jpa-3.5.1.jar;C:\Users\harsh\.m2\repository\org\springframework\data\spring-data-commons\3.5.1\spring-data-commons-3.5.1.jar;C:\Users\harsh\.m2\repository\org\springframework\spring-orm\6.2.8\spring-orm-6.2.8.jar;C:\Users\harsh\.m2\repository\org\springframework\spring-context\6.2.8\spring-context-6.2.8.jar;C:\Users\harsh\.m2\repository\org\springframework\spring-aop\6.2.8\spring-aop-6.2.8.jar;C:\Users\harsh\.m2\repository\org\springframework\spring-tx\6.2.8\spring-tx-6.2.8.jar;C:\Users\harsh\.m2\repository\org\springframework\spring-beans\6.2.8\spring-beans-6.2.8.jar;C:\Users\harsh\.m2\repository\org\slf4j\slf4j-api\2.0.17\slf4j-api-2.0.17.jar;C:\Users\harsh\.m2\repository\org\springframework\spring-aspects\6.2.8\spring-aspects-6.2.8.jar;C:\Users\harsh\.m2\repository\org\aspectj\aspectjweaver\1.9.24\aspectjweaver-1.9.24.jar;C:\Users\harsh\.m2\repository\org\springframework\boot\spring-boot-starter-mail\3.5.3\spring-boot-starter-mail-3.5.3.jar;C:\Users\harsh\.m2\repository\org\springframework\spring-context-support\6.2.8\spring-context-support-6.2.8.jar;C:\Users\harsh\.m2\repository\org\eclipse\angus\jakarta.mail\2.0.3\jakarta.mail-2.0.3.jar;C:\Users\harsh\.m2\repository\jakarta\activation\jakarta.activation-api\2.1.3\jakarta.activation-api-2.1.3.jar;C:\Users\harsh\.m2\repository\org\eclipse\angus\angus-activation\2.0.2\angus-activation-2.0.2.jar;C:\Users\harsh\.m2\repository\org\springframework\boot\spring-boot-starter-validation\3.5.3\spring-boot-starter-validation-3.5.3.jar;C:\Users\harsh\.m2\repository\org\apache\tomcat\embed\tomcat-embed-el\10.1.42\tomcat-embed-el-10.1.42.jar;C:\Users\harsh\.m2\repository\org\hibernate\validator\hibernate-validator\8.0.2.Final\hibernate-validator-8.0.2.Final.jar;C:\Users\harsh\.m2\repository\jakarta\validation\jakarta.validation-api\3.0.2\jakarta.validation-api-3.0.2.jar;C:\Users\harsh\.m2\repository\org\springframework\boot\spring-boot-starter-web\3.5.3\spring-boot-starter-web-3.5.3.jar;C:\Users\harsh\.m2\repository\org\springframework\boot\spring-boot-starter-json\3.5.3\spring-boot-starter-json-3.5.3.jar;C:\Users\harsh\.m2\repository\com\fasterxml\jackson\core\jackson-databind\2.19.1\jackson-databind-2.19.1.jar;C:\Users\harsh\.m2\repository\com\fasterxml\jackson\core\jackson-annotations\2.19.1\jackson-annotations-2.19.1.jar;C:\Users\harsh\.m2\repository\com\fasterxml\jackson\core\jackson-core\2.19.1\jackson-core-2.19.1.jar;C:\Users\harsh\.m2\repository\com\fasterxml\jackson\datatype\jackson-datatype-jdk8\2.19.1\jackson-datatype-jdk8-2.19.1.jar;C:\Users\harsh\.m2\repository\com\fasterxml\jackson\datatype\jackson-datatype-jsr310\2.19.1\jackson-datatype-jsr310-2.19.1.jar;C:\Users\harsh\.m2\repository\com\fasterxml\jackson\module\jackson-module-parameter-names\2.19.1\jackson-module-parameter-names-2.19.1.jar;C:\Users\harsh\.m2\repository\org\springframework\boot\spring-boot-starter-tomcat\3.5.3\spring-boot-starter-tomcat-3.5.3.jar;C:\Users\harsh\.m2\repository\org\apache\tomcat\embed\tomcat-embed-core\10.1.42\tomcat-embed-core-10.1.42.jar;C:\Users\harsh\.m2\repository\org\apache\tomcat\embed\tomcat-embed-websocket\10.1.42\tomcat-embed-websocket-10.1.42.jar;C:\Users\harsh\.m2\repository\org\springframework\spring-web\6.2.8\spring-web-6.2.8.jar;C:\Users\harsh\.m2\repository\io\micrometer\micrometer-observation\1.15.1\micrometer-observation-1.15.1.jar;C:\Users\harsh\.m2\repository\io\micrometer\micrometer-commons\1.15.1\micrometer-commons-1.15.1.jar;C:\Users\harsh\.m2\repository\org\springframework\spring-webmvc\6.2.8\spring-webmvc-6.2.8.jar;C:\Users\harsh\.m2\repository\org\springframework\spring-expression\6.2.8\spring-expression-6.2.8.jar;C:\Users\harsh\.m2\repository\org\springframework\boot\spring-boot-devtools\3.5.3\spring-boot-devtools-3.5.3.jar;C:\Users\harsh\.m2\repository\org\springframework\boot\spring-boot\3.5.3\spring-boot-3.5.3.jar;C:\Users\harsh\.m2\repository\org\springframework\boot\spring-boot-autoconfigure\3.5.3\spring-boot-autoconfigure-3.5.3.jar;C:\Users\harsh\.m2\repository\com\mysql\mysql-connector-j\9.2.0\mysql-connector-j-9.2.0.jar;C:\Users\harsh\.m2\repository\jakarta\xml\bind\jakarta.xml.bind-api\4.0.2\jakarta.xml.bind-api-4.0.2.jar;C:\Users\harsh\.m2\repository\org\springframework\spring-core\6.2.8\spring-core-6.2.8.jar;C:\Users\harsh\.m2\repository\org\springframework\spring-jcl\6.2.8\spring-jcl-6.2.8.jar;C:\Users\harsh\.m2\repository\org\projectlombok\lombok\1.18.30\lombok-1.18.30.jar
Launcher Type: SUN_STANDARD

[Global flags]
     intx CICompilerCount                          = 3                                         {product} {ergonomic}
     uint ConcGCThreads                            = 1                                         {product} {ergonomic}
     uint G1ConcRefinementThreads                  = 4                                         {product} {ergonomic}
   size_t G1HeapRegionSize                         = 1048576                                   {product} {ergonomic}
   size_t InitialHeapSize                          = 130023424                                 {product} {ergonomic}
   size_t MarkStackSize                            = 4194304                                   {product} {ergonomic}
   size_t MarkStackSizeMax                         = 536870912                                 {product} {ergonomic}
   size_t MaxHeapSize                              = 2055208960                                {product} {ergonomic}
   size_t MaxNewSize                               = 1233125376                                {product} {ergonomic}
   size_t MinHeapDeltaBytes                        = 1048576                                   {product} {ergonomic}
   size_t MinHeapSize                              = 8388608                                   {product} {ergonomic}
    uintx NonNMethodCodeHeapSize                   = 5832704                                {pd product} {ergonomic}
    uintx NonProfiledCodeHeapSize                  = 122945536                              {pd product} {ergonomic}
    uintx ProfiledCodeHeapSize                     = 122880000                              {pd product} {ergonomic}
    uintx ReservedCodeCacheSize                    = 251658240                              {pd product} {ergonomic}
     bool SegmentedCodeCache                       = true                                      {product} {ergonomic}
     bool ShowCodeDetailsInExceptionMessages       = true                                   {manageable} {command line}
   size_t SoftMaxHeapSize                          = 2055208960                             {manageable} {ergonomic}
     bool UseCompressedOops                        = true                           {product lp64_product} {ergonomic}
     bool UseG1GC                                  = true                                      {product} {ergonomic}
     bool UseLargePagesIndividualAllocation        = false                                  {pd product} {ergonomic}

Logging:
Log output configuration:
 #0: stdout all=warning uptime,level,tags foldmultilines=false
 #1: stderr all=off uptime,level,tags foldmultilines=false

Environment Variables:
JAVA_HOME=D:\Program Files\Java\jdk-23
PATH=D:/Program Files/Java/jdk-23/bin/server;D:/Program Files/Java/jdk-23/bin;C:\Program Files\HP\HP One Agent;C:\Program Files\Apache\Maven\apache-maven-3.9.9\bin;C:\Program Files\Apache\Maven\apache-maven-3.9.9\bin;D:\Program Files\Java\jdk-23\bin;C:\Program Files\nodejs\;C:\Program Files\MySQL\MySQL Shell 8.0\bin\;C:\Users\harsh\AppData\Local\Programs\Microsoft VS Code\bin;C:\Users\harsh\AppData\Roaming\npm;C:\Users\harsh\OneDrive\Desktop;
USERNAME=harsh
OS=Windows_NT
PROCESSOR_IDENTIFIER=Intel64 Family 6 Model 140 Stepping 2, GenuineIntel
TMP=C:\Users\harsh\AppData\Local\Temp
TEMP=C:\Users\harsh\AppData\Local\Temp




Periodic native trim disabled

---------------  S Y S T E M  ---------------

OS:
 Windows 11 , 64 bit Build 22621 (10.0.22621.5415)
OS uptime: 4 days 13:46 hours
Hyper-V role detected

CPU: total 4 (initial active 4) (2 cores per cpu, 2 threads per core) family 6 model 140 stepping 2 microcode 0x34, cx8, cmov, fxsr, ht, mmx, 3dnowpref, sse, sse2, sse3, ssse3, sse4.1, sse4.2, popcnt, lzcnt, tsc, tscinvbit, avx, avx2, aes, erms, clmul, bmi1, bmi2, adx, avx512f, avx512dq, avx512cd, avx512bw, avx512vl, sha, fma, vzeroupper, avx512_vpopcntdq, avx512_vpclmulqdq, avx512_vaes, avx512_vnni, clflush, clflushopt, clwb, avx512_vbmi2, avx512_vbmi, hv, rdtscp, rdpid, fsrm, gfni, avx512_bitalg, f16c, cet_ibt, cet_ss, avx512_ifma
Processor Information for the first 4 processors :
  Max Mhz: 2901, Current Mhz: 2901, Mhz Limit: 2901

Memory: 4k page, system-wide physical 7834M (472M free)
TotalPageFile size 11198M (AvailPageFile size 0M)
current process WorkingSet (physical memory assigned to process): 111M, peak: 111M
current process commit charge ("private bytes"): 232M, peak: 232M

vm_info: Java HotSpot(TM) 64-Bit Server VM (23.0.2+7-58) for windows-amd64 JRE (23.0.2+7-58), built on 2024-11-29T09:34:55Z with MS VC++ 17.6 (VS2022)

END.
